
ASEM-51 V1.3                                         Copyright (c) 2002 by W.W. Heinz                                         PAGE 1





       MCS-51 Family Macro Assembler   A S E M - 5 1   V 1.3
       =====================================================



	Source File:	C:\Users\whony\Desktop\mirco\code\Lab2\ex_1.asm
	Object File:	C:\Users\whony\Desktop\mirco\code\Lab2\ex_1.hex
	List File:	C:\Users\whony\Desktop\mirco\code\Lab2\ex_1.lst



 Line  I  Addr  Code            Source

    1:				;ex_1
    2:		N      8000		ORG	8000H
    3:	  8000	90 E0 60	LOOP:		MOV	DPTR,#0E060H
    4:	  8003	74 3F				MOV	A,#3FH
    5:	  8005	F0				MOVX	@DPTR,A
    6:	  8006	74 5B				MOV	A,#5BH
    7:	  8008	F0				MOVX	@DPTR,A
    8:	  8009	74 66				MOV	A,#66H
    9:	  800B	F0				MOVX	@DPTR,A
   10:	  800C	74 7D				MOV	A,#7DH
   11:	  800E	F0				MOVX	@DPTR,A
   12:	  800F	74 7F				MOV	A,#7FH
   13:	  8011	F0				MOVX	@DPTR,A
   14:	  8012	74 77				MOV	A,#77H
   15:	  8014	F0				MOVX	@DPTR,A
   16:	  8015	74 39				MOV	A,#39H
   17:	  8017	F0				MOVX	@DPTR,A
   18:	  8018	74 79				MOV	A,#79H
   19:
   20:	  801A	80 E4				JMP	LOOP
   21:
   22:	  801C	12 80 2C	DELAY_500M:	CALL	DELAY100MS
   23:	  801F	12 80 2C			CALL	DELAY100MS
   24:	  8022	12 80 2C			CALL	DELAY100MS
   25:	  8025	12 80 2C			CALL	DELAY100MS
   26:	  8028	12 80 2C			CALL	DELAY100MS
   27:	  802B	22				RET
   28:
   29:	  802C	7E C8		DELAY100MS:	MOV	R6,#200
   30:	  802E	12 80 34	DLY100MS:	CALL	DELAY500U
   31:	  8031	DE FB				DJNZ	R6,DLY100MS
   32:	  8033	22				RET
   33:	  8034	7D E6		DELAY500U:	MOV	R5,#230
   34:	  8036	DD FE				DJNZ	R5,$
   35:	  8038	22				RET
   36:						END





                     register banks used:  ---


ASEM-51 V1.3                                         Copyright (c) 2002 by W.W. Heinz                                         PAGE 2



                     no errors




ASEM-51 V1.3                                         Copyright (c) 2002 by W.W. Heinz                                         PAGE 3





	       L I S T   O F   S Y M B O L S
	       =============================


SYMBOL				  TYPE     VALUE	LINE
------------------------------------------------------------
??ASEM_51			  NUMBER    8051
??VERSION			  NUMBER    0130
AC				  BIT	      D6
ACC				  DATA	      E0
B				  DATA	      F0
CY				  BIT	      D7
DELAY100MS			  CODE	    802C	  29
DELAY500U			  CODE	    8034	  33
DELAY_500M			  CODE	    801C	  22
DLY100MS			  CODE	    802E	  30
DPH				  DATA	      83
DPL				  DATA	      82
EA				  BIT	      AF
ES				  BIT	      AC
ET0				  BIT	      A9
ET1				  BIT	      AB
EX0				  BIT	      A8
EX1				  BIT	      AA
EXTI0				  CODE	    0003
EXTI1				  CODE	    0013
F0				  BIT	      D5
IE				  DATA	      A8
IE0				  BIT	      89
IE1				  BIT	      8B
INT0				  BIT	      B2
INT1				  BIT	      B3
IP				  DATA	      B8
IT0				  BIT	      88
IT1				  BIT	      8A
LOOP				  CODE	    8000	   3
OV				  BIT	      D2
P				  BIT	      D0
P0				  DATA	      80
P1				  DATA	      90
P2				  DATA	      A0
P3				  DATA	      B0
PCON				  DATA	      87
PS				  BIT	      BC
PSW				  DATA	      D0
PT0				  BIT	      B9
PT1				  BIT	      BB
PX0				  BIT	      B8
PX1				  BIT	      BA
RB8				  BIT	      9A
RD				  BIT	      B7
REN				  BIT	      9C
RESET				  CODE	    0000
RI				  BIT	      98
RS0				  BIT	      D3
RS1				  BIT	      D4

ASEM-51 V1.3                                         Copyright (c) 2002 by W.W. Heinz                                         PAGE 4



SYMBOL				  TYPE     VALUE	LINE
------------------------------------------------------------
RXD				  BIT	      B0
SBUF				  DATA	      99
SCON				  DATA	      98
SINT				  CODE	    0023
SM0				  BIT	      9F
SM1				  BIT	      9E
SM2				  BIT	      9D
SP				  DATA	      81
T0				  BIT	      B4
T1				  BIT	      B5
TB8				  BIT	      9B
TCON				  DATA	      88
TF0				  BIT	      8D
TF1				  BIT	      8F
TH0				  DATA	      8C
TH1				  DATA	      8D
TI				  BIT	      99
TIMER0				  CODE	    000B
TIMER1				  CODE	    001B
TL0				  DATA	      8A
TL1				  DATA	      8B
TMOD				  DATA	      89
TR0				  BIT	      8C
TR1				  BIT	      8E
TXD				  BIT	      B1
WR				  BIT	      B6
