
ASEM-51 V1.3                                         Copyright (c) 2002 by W.W. Heinz                                         PAGE 1





       MCS-51 Family Macro Assembler   A S E M - 5 1   V 1.3
       =====================================================



	Source File:	C:\Users\whony\Desktop\mirco\code\Lab2\ex_2.asm
	Object File:	C:\Users\whony\Desktop\mirco\code\Lab2\ex_2.hex
	List File:	C:\Users\whony\Desktop\mirco\code\Lab2\ex_2.lst



 Line  I  Addr  Code            Source

    1:					;ex_2
    2:		N      0000		ORG	0000H
    3:	  0000	90 85 00		MOV	DPTR,#8500H
    4:	  0003	E0			MOVX	A,@DPTR
    5:	  0004	F5 F0			MOV	B,A
    6:	  0006	A4			MUL	AB
    7:	  0007	A3			INC	DPTR
    8:	  0008	F0			MOVX	@DPTR,A
    9:	  0009	78 40			MOV	R0,#40H
   10:	  000B	F6			MOV	@R0,A
   11:	  000C	E6			MOV	A,@R0
   12:	  000D	75 F0 46		MOV	B,#46H
   13:	  0010	84			DIV	AB
   14:	  0011	F9			MOV	R1,A
   15:	  0012	E5 F0			MOV	A,B
   16:	  0014	75 F0 0A		MOV	B,#0AH
   17:	  0017	84			DIV	AB
   18:	  0018	FA			MOV 	R2,A
   19:	  0019	AB F0			MOV	R3,B
   20:	  001B	A3			INC 	DPTR
   21:	  001C	EB			MOV	A,R3
   22:	  001D	F0			MOVX	@DPTR,A
   23:	  001E	A3			INC	DPTR
   24:	  001F	EA			MOV	A,R2
   25:	  0020	F0			MOVX	@DPTR,A
   26:
   27:					END





                     register banks used:  ---

                     no errors




ASEM-51 V1.3                                         Copyright (c) 2002 by W.W. Heinz                                         PAGE 2





	       L I S T   O F   S Y M B O L S
	       =============================


SYMBOL				  TYPE     VALUE	LINE
------------------------------------------------------------
??ASEM_51			  NUMBER    8051
??VERSION			  NUMBER    0130
AC				  BIT	      D6
ACC				  DATA	      E0
B				  DATA	      F0
CY				  BIT	      D7
DPH				  DATA	      83
DPL				  DATA	      82
EA				  BIT	      AF
ES				  BIT	      AC
ET0				  BIT	      A9
ET1				  BIT	      AB
EX0				  BIT	      A8
EX1				  BIT	      AA
EXTI0				  CODE	    0003
EXTI1				  CODE	    0013
F0				  BIT	      D5
IE				  DATA	      A8
IE0				  BIT	      89
IE1				  BIT	      8B
INT0				  BIT	      B2
INT1				  BIT	      B3
IP				  DATA	      B8
IT0				  BIT	      88
IT1				  BIT	      8A
OV				  BIT	      D2
P				  BIT	      D0
P0				  DATA	      80
P1				  DATA	      90
P2				  DATA	      A0
P3				  DATA	      B0
PCON				  DATA	      87
PS				  BIT	      BC
PSW				  DATA	      D0
PT0				  BIT	      B9
PT1				  BIT	      BB
PX0				  BIT	      B8
PX1				  BIT	      BA
RB8				  BIT	      9A
RD				  BIT	      B7
REN				  BIT	      9C
RESET				  CODE	    0000
RI				  BIT	      98
RS0				  BIT	      D3
RS1				  BIT	      D4
RXD				  BIT	      B0
SBUF				  DATA	      99
SCON				  DATA	      98
SINT				  CODE	    0023
SM0				  BIT	      9F

ASEM-51 V1.3                                         Copyright (c) 2002 by W.W. Heinz                                         PAGE 3



SYMBOL				  TYPE     VALUE	LINE
------------------------------------------------------------
SM1				  BIT	      9E
SM2				  BIT	      9D
SP				  DATA	      81
T0				  BIT	      B4
T1				  BIT	      B5
TB8				  BIT	      9B
TCON				  DATA	      88
TF0				  BIT	      8D
TF1				  BIT	      8F
TH0				  DATA	      8C
TH1				  DATA	      8D
TI				  BIT	      99
TIMER0				  CODE	    000B
TIMER1				  CODE	    001B
TL0				  DATA	      8A
TL1				  DATA	      8B
TMOD				  DATA	      89
TR0				  BIT	      8C
TR1				  BIT	      8E
TXD				  BIT	      B1
WR				  BIT	      B6
