
ASEM-51 V1.3                                         Copyright (c) 2002 by W.W. Heinz                                         PAGE 1





       MCS-51 Family Macro Assembler   A S E M - 5 1   V 1.3
       =====================================================



	Source File:	C:\Users\whony\Desktop\mirco\code\Lab2\ex_3.asm
	Object File:	C:\Users\whony\Desktop\mirco\code\Lab2\ex_3.hex
	List File:	C:\Users\whony\Desktop\mirco\code\Lab2\ex_3.lst



 Line  I  Addr  Code            Source

    1:				;ex_3
    2:		N      0000		ORG	0000H
    3:	  0000	90 90 00		MOV	DPTR,#9000H
    4:	  0003	79 FF			MOV	R1,#255
    5:	  0005	7A 60		LOOP:	MOV	R2,#96
    6:	  0007	74 01		AGAIN:	MOV 	A,#01H
    7:	  0009	F0			MOVX	@DPTR,A
    8:	  000A	A3			INC	DPTR
    9:	  000B	DA FA			DJNZ 	R2,AGAIN
   10:	  000D	D9 F6			DJNZ	R1,LOOP
   11:	  000F	7B 00			MOV	R3,#00H
   12:	  0011	0B		LAST:	INC	R3
   13:	  0012	A3			INC	DPTR
   14:	  0013	F0			MOVX	@DPTR,A
   15:	  0014	BB 5F FA		CJNE	R3,#5FH,LAST
   16:
   17:	  0017	80 FE			JMP	$
   18:					END
   19:





                     register banks used:  ---

                     no errors




ASEM-51 V1.3                                         Copyright (c) 2002 by W.W. Heinz                                         PAGE 2





	       L I S T   O F   S Y M B O L S
	       =============================


SYMBOL				  TYPE     VALUE	LINE
------------------------------------------------------------
??ASEM_51			  NUMBER    8051
??VERSION			  NUMBER    0130
AC				  BIT	      D6
ACC				  DATA	      E0
AGAIN				  CODE	    0007	   6
B				  DATA	      F0
CY				  BIT	      D7
DPH				  DATA	      83
DPL				  DATA	      82
EA				  BIT	      AF
ES				  BIT	      AC
ET0				  BIT	      A9
ET1				  BIT	      AB
EX0				  BIT	      A8
EX1				  BIT	      AA
EXTI0				  CODE	    0003
EXTI1				  CODE	    0013
F0				  BIT	      D5
IE				  DATA	      A8
IE0				  BIT	      89
IE1				  BIT	      8B
INT0				  BIT	      B2
INT1				  BIT	      B3
IP				  DATA	      B8
IT0				  BIT	      88
IT1				  BIT	      8A
LAST				  CODE	    0011	  12
LOOP				  CODE	    0005	   5
OV				  BIT	      D2
P				  BIT	      D0
P0				  DATA	      80
P1				  DATA	      90
P2				  DATA	      A0
P3				  DATA	      B0
PCON				  DATA	      87
PS				  BIT	      BC
PSW				  DATA	      D0
PT0				  BIT	      B9
PT1				  BIT	      BB
PX0				  BIT	      B8
PX1				  BIT	      BA
RB8				  BIT	      9A
RD				  BIT	      B7
REN				  BIT	      9C
RESET				  CODE	    0000
RI				  BIT	      98
RS0				  BIT	      D3
RS1				  BIT	      D4
RXD				  BIT	      B0
SBUF				  DATA	      99

ASEM-51 V1.3                                         Copyright (c) 2002 by W.W. Heinz                                         PAGE 3



SYMBOL				  TYPE     VALUE	LINE
------------------------------------------------------------
SCON				  DATA	      98
SINT				  CODE	    0023
SM0				  BIT	      9F
SM1				  BIT	      9E
SM2				  BIT	      9D
SP				  DATA	      81
T0				  BIT	      B4
T1				  BIT	      B5
TB8				  BIT	      9B
TCON				  DATA	      88
TF0				  BIT	      8D
TF1				  BIT	      8F
TH0				  DATA	      8C
TH1				  DATA	      8D
TI				  BIT	      99
TIMER0				  CODE	    000B
TIMER1				  CODE	    001B
TL0				  DATA	      8A
TL1				  DATA	      8B
TMOD				  DATA	      89
TR0				  BIT	      8C
TR1				  BIT	      8E
TXD				  BIT	      B1
WR				  BIT	      B6
