
ASEM-51 V1.3                                         Copyright (c) 2002 by W.W. Heinz                                         PAGE 1





       MCS-51 Family Macro Assembler   A S E M - 5 1   V 1.3
       =====================================================



	Source File:	C:\Users\whony\Desktop\mirco\code\lab3\ex_6.asm
	Object File:	C:\Users\whony\Desktop\mirco\code\lab3\ex_6.hex
	List File:	C:\Users\whony\Desktop\mirco\code\lab3\ex_6.lst



 Line  I  Addr  Code            Source

    1:				;ex_6
    2:		N      0000		ORG	0000H
    3:	  0000	90 10 00		MOV	DPTR,#1000H
    4:	  0003	AC 83			MOV	R4,DPH
    5:	  0005	AD 82			MOV	R5,DPL
    6:	  0007	90 23 00		MOV	DPTR,#2300H
    7:	  000A	AE 83			MOV	R6,DPH
    8:	  000C	AF 82			MOV	R7,DPL
    9:
   10:	  000E	7B 02			MOV	R3,#2
   11:	  0010	7A 8F		LOOP:	MOV	R2,#143
   12:	  0012	8C 83		NEXT:	MOV	DPH,R4
   13:	  0014	8D 82			MOV	DPL,R5
   14:	  0016	E0			MOVX	A,@DPTR
   15:	  0017	A3			INC	DPTR
   16:	  0018	AC 83			MOV	R4,DPH
   17:	  001A	AD 82			MOV	R5,DPL
   18:	  001C	8E 83			MOV	DPH,R6
   19:	  001E	8F 82			MOV	DPL,R7
   20:	  0020	F0			MOVX	@DPTR,A
   21:	  0021	A3			INC	DPTR
   22:	  0022	AE 83			MOV	R6,DPH
   23:	  0024	AF 82			MOV	R7,DPL
   24:	  0026	DA EA			DJNZ	R2,NEXT
   25:	  0028	DB E6			DJNZ	R3,LOOP
   26:
   27:	  002A	8C 83			MOV	DPH,R4
   28:	  002C	8D 82			MOV	DPL,R5
   29:	  002E	E0			MOVX	A,@DPTR
   30:	  002F	A3			INC	DPTR
   31:	  0030	AC 83			MOV	R4,DPH
   32:	  0032	AD 82			MOV	R5,DPL
   33:	  0034	8E 83			MOV	DPH,R6
   34:	  0036	8F 82			MOV	DPL,R7
   35:	  0038	F0			MOVX	@DPTR,A
   36:	  0039	A3			INC	DPTR
   37:	  003A	AE 83			MOV	R6,DPH
   38:	  003C	AF 82			MOV	R7,DPL
   39:
   40:	  003E	80 FE			JMP	$
   41:					END



ASEM-51 V1.3                                         Copyright (c) 2002 by W.W. Heinz                                         PAGE 2






                     register banks used:  ---

                     no errors




ASEM-51 V1.3                                         Copyright (c) 2002 by W.W. Heinz                                         PAGE 3





	       L I S T   O F   S Y M B O L S
	       =============================


SYMBOL				  TYPE     VALUE	LINE
------------------------------------------------------------
??ASEM_51			  NUMBER    8051
??VERSION			  NUMBER    0130
AC				  BIT	      D6
ACC				  DATA	      E0
B				  DATA	      F0
CY				  BIT	      D7
DPH				  DATA	      83
DPL				  DATA	      82
EA				  BIT	      AF
ES				  BIT	      AC
ET0				  BIT	      A9
ET1				  BIT	      AB
EX0				  BIT	      A8
EX1				  BIT	      AA
EXTI0				  CODE	    0003
EXTI1				  CODE	    0013
F0				  BIT	      D5
IE				  DATA	      A8
IE0				  BIT	      89
IE1				  BIT	      8B
INT0				  BIT	      B2
INT1				  BIT	      B3
IP				  DATA	      B8
IT0				  BIT	      88
IT1				  BIT	      8A
LOOP				  CODE	    0010	  11
NEXT				  CODE	    0012	  12
OV				  BIT	      D2
P				  BIT	      D0
P0				  DATA	      80
P1				  DATA	      90
P2				  DATA	      A0
P3				  DATA	      B0
PCON				  DATA	      87
PS				  BIT	      BC
PSW				  DATA	      D0
PT0				  BIT	      B9
PT1				  BIT	      BB
PX0				  BIT	      B8
PX1				  BIT	      BA
RB8				  BIT	      9A
RD				  BIT	      B7
REN				  BIT	      9C
RESET				  CODE	    0000
RI				  BIT	      98
RS0				  BIT	      D3
RS1				  BIT	      D4
RXD				  BIT	      B0
SBUF				  DATA	      99
SCON				  DATA	      98

ASEM-51 V1.3                                         Copyright (c) 2002 by W.W. Heinz                                         PAGE 4



SYMBOL				  TYPE     VALUE	LINE
------------------------------------------------------------
SINT				  CODE	    0023
SM0				  BIT	      9F
SM1				  BIT	      9E
SM2				  BIT	      9D
SP				  DATA	      81
T0				  BIT	      B4
T1				  BIT	      B5
TB8				  BIT	      9B
TCON				  DATA	      88
TF0				  BIT	      8D
TF1				  BIT	      8F
TH0				  DATA	      8C
TH1				  DATA	      8D
TI				  BIT	      99
TIMER0				  CODE	    000B
TIMER1				  CODE	    001B
TL0				  DATA	      8A
TL1				  DATA	      8B
TMOD				  DATA	      89
TR0				  BIT	      8C
TR1				  BIT	      8E
TXD				  BIT	      B1
WR				  BIT	      B6
