
ASEM-51 V1.3                                         Copyright (c) 2002 by W.W. Heinz                                         PAGE 1





       MCS-51 Family Macro Assembler   A S E M - 5 1   V 1.3
       =====================================================



	Source File:	C:\Users\whony\Desktop\mirco\code\lab3\ex_8.asm
	Object File:	C:\Users\whony\Desktop\mirco\code\lab3\ex_8.hex
	List File:	C:\Users\whony\Desktop\mirco\code\lab3\ex_8.lst



 Line  I  Addr  Code            Source

    1:				;ex_8
    2:		N      8000	ORG 8000H ; 1
    3:	  8000	79 25		MOV R1,#25H ; 2
    4:	  8002	7A 34		MOV R2,#34H ; 3
    5:	  8004	74 F6		MOV A,#0F6H ; 4
    6:	  8006	77 24		MOV @R1,#24H ; 5
    7:	  8008	87 26		MOV 26H,@R1 ; 6
    8:	  800A	90 81 18	MOV DPTR,#8118H ; 7
    9:	  800D	F5 27		MOV 27H,A ; 8
   10:	  800F	7B 7D		MOV R3,#125 ; 9
   11:	  8011	EB		MOV A,R3 ; 10
   12:	  8012	F0		MOVX @DPTR,A ; 11
   13:	  8013	93		MOVC A,@A+DPTR ; 12
   14:	  8014	8B F0		MOV B,R3 ; 13
   15:	  8016	75 F0 CA	MOV B,#11001010B ; 14
   16:	  8019	75 82 F4	MOV DPL,#0F4H ; 15
   17:	  801C	75 83 88	MOV DPH,#88H ; 16
   18:	  801F	F0		MOVX @DPTR,A ; 17
   19:	  8020	83		MOVC A,@A+PC ; 18
   20:	  8021	93		MOVC A,@A+DPTR ; 19
   21:	  8022	7D 36		MOV R5,#36H ; 20
   22:	  8024	85 43 32	MOV 32H,43H ; 21
   23:	  8027	77 A4		MOV @R1,#0A4H ; 22
   24:	  8029	75 55 60	MOV 55H,#60H ; 23
   25:	  802C	80 FE		SJMP $ ; 24
   26:				END ; 25





                     register banks used:  ---

                     no errors




ASEM-51 V1.3                                         Copyright (c) 2002 by W.W. Heinz                                         PAGE 2





	       L I S T   O F   S Y M B O L S
	       =============================


SYMBOL				  TYPE     VALUE	LINE
------------------------------------------------------------
??ASEM_51			  NUMBER    8051
??VERSION			  NUMBER    0130
AC				  BIT	      D6
ACC				  DATA	      E0
B				  DATA	      F0
CY				  BIT	      D7
DPH				  DATA	      83
DPL				  DATA	      82
EA				  BIT	      AF
ES				  BIT	      AC
ET0				  BIT	      A9
ET1				  BIT	      AB
EX0				  BIT	      A8
EX1				  BIT	      AA
EXTI0				  CODE	    0003
EXTI1				  CODE	    0013
F0				  BIT	      D5
IE				  DATA	      A8
IE0				  BIT	      89
IE1				  BIT	      8B
INT0				  BIT	      B2
INT1				  BIT	      B3
IP				  DATA	      B8
IT0				  BIT	      88
IT1				  BIT	      8A
OV				  BIT	      D2
P				  BIT	      D0
P0				  DATA	      80
P1				  DATA	      90
P2				  DATA	      A0
P3				  DATA	      B0
PCON				  DATA	      87
PS				  BIT	      BC
PSW				  DATA	      D0
PT0				  BIT	      B9
PT1				  BIT	      BB
PX0				  BIT	      B8
PX1				  BIT	      BA
RB8				  BIT	      9A
RD				  BIT	      B7
REN				  BIT	      9C
RESET				  CODE	    0000
RI				  BIT	      98
RS0				  BIT	      D3
RS1				  BIT	      D4
RXD				  BIT	      B0
SBUF				  DATA	      99
SCON				  DATA	      98
SINT				  CODE	    0023
SM0				  BIT	      9F

ASEM-51 V1.3                                         Copyright (c) 2002 by W.W. Heinz                                         PAGE 3



SYMBOL				  TYPE     VALUE	LINE
------------------------------------------------------------
SM1				  BIT	      9E
SM2				  BIT	      9D
SP				  DATA	      81
T0				  BIT	      B4
T1				  BIT	      B5
TB8				  BIT	      9B
TCON				  DATA	      88
TF0				  BIT	      8D
TF1				  BIT	      8F
TH0				  DATA	      8C
TH1				  DATA	      8D
TI				  BIT	      99
TIMER0				  CODE	    000B
TIMER1				  CODE	    001B
TL0				  DATA	      8A
TL1				  DATA	      8B
TMOD				  DATA	      89
TR0				  BIT	      8C
TR1				  BIT	      8E
TXD				  BIT	      B1
WR				  BIT	      B6
